<?xml version="1.0"?>
<!DOCTYPE coverage SYSTEM "http://cobertura.sourceforge.net/xml/coverage-04.dtd">
<coverage line-rate="0.91" lines-covered="297" lines-valid="271" branches-covered="22" branches-valid="22" branch-rate="1.00" complexity="0" version="1.0" timestamp="1423475638895">
      <sources>
        <source>/src/main/scala</source>
      </sources>
      <packages>
        <package name="com.knol.core.impl" line-rate="0.92" branch-rate="1.00" complexity="0">
      <classes>
        <class name="SessionRepoImpl" filename="src/main/scala/com/knol/core/impl/SessionRepoImpl.scala" line-rate="0.91" branch-rate="1.00" complexity="0">
      <methods>
        <method name="com.knol.core.impl/SessionRepoImpl/createSession" signature="()V" line-rate="0.96" branch-rate="1.00">
      <lines>
        <line number="38" hits="1" branch="false"/><line number="21" hits="1" branch="false"/><line number="30" hits="1" branch="false"/><line number="33" hits="1" branch="false"/><line number="27" hits="1" branch="false"/><line number="23" hits="1" branch="false"/><line number="32" hits="1" branch="false"/><line number="41" hits="1" branch="false"/><line number="28" hits="1" branch="false"/><line number="35" hits="1" branch="false"/><line number="20" hits="1" branch="false"/><line number="37" hits="1" branch="false"/><line number="30" hits="1" branch="false"/><line number="29" hits="1" branch="false"/><line number="37" hits="1" branch="false"/><line number="22" hits="1" branch="false"/><line number="31" hits="1" branch="false"/><line number="26" hits="1" branch="false"/><line number="28" hits="1" branch="false"/><line number="34" hits="1" branch="false"/><line number="44" hits="0" branch="false"/><line number="42" hits="1" branch="false"/><line number="29" hits="1" branch="false"/><line number="36" hits="1" branch="false"/>
      </lines>
    </method><method name="com.knol.core.impl/SessionRepoImpl/delete" signature="()V" line-rate="0.70" branch-rate="1.00">
      <lines>
        <line number="90" hits="1" branch="false"/><line number="86" hits="1" branch="false"/><line number="100" hits="0" branch="false"/><line number="91" hits="1" branch="false"/><line number="89" hits="1" branch="false"/><line number="97" hits="0" branch="false"/><line number="90" hits="1" branch="false"/><line number="92" hits="1" branch="false"/><line number="92" hits="1" branch="false"/><line number="96" hits="0" branch="false"/>
      </lines>
    </method><method name="com.knol.core.impl/SessionRepoImpl/getKnolSession" signature="()V" line-rate="0.95" branch-rate="1.00">
      <lines>
        <line number="121" hits="1" branch="false"/><line number="115" hits="1" branch="false"/><line number="108" hits="1" branch="false"/><line number="115" hits="1" branch="false"/><line number="120" hits="1" branch="false"/><line number="115" hits="1" branch="false"/><line number="112" hits="1" branch="false"/><line number="116" hits="1" branch="false"/><line number="115" hits="1" branch="false"/><line number="115" hits="1" branch="false"/><line number="114" hits="1" branch="false"/><line number="111" hits="1" branch="false"/><line number="115" hits="1" branch="false"/><line number="123" hits="0" branch="false"/><line number="112" hits="1" branch="false"/><line number="115" hits="1" branch="false"/><line number="115" hits="1" branch="false"/><line number="113" hits="1" branch="false"/><line number="115" hits="1" branch="false"/><line number="116" hits="1" branch="false"/>
      </lines>
    </method><method name="com.knol.core.impl/SessionRepoImpl/getList" signature="()V" line-rate="0.96" branch-rate="1.00">
      <lines>
        <line number="139" hits="1" branch="false"/><line number="139" hits="1" branch="false"/><line number="139" hits="1" branch="false"/><line number="131" hits="1" branch="false"/><line number="138" hits="1" branch="false"/><line number="135" hits="1" branch="false"/><line number="137" hits="1" branch="false"/><line number="139" hits="1" branch="false"/><line number="141" hits="1" branch="false"/><line number="136" hits="1" branch="false"/><line number="139" hits="1" branch="false"/><line number="139" hits="1" branch="false"/><line number="139" hits="1" branch="false"/><line number="139" hits="1" branch="false"/><line number="138" hits="1" branch="false"/><line number="139" hits="1" branch="false"/><line number="138" hits="1" branch="false"/><line number="132" hits="1" branch="false"/><line number="141" hits="1" branch="false"/><line number="139" hits="1" branch="false"/><line number="138" hits="1" branch="false"/><line number="139" hits="1" branch="false"/><line number="145" hits="0" branch="false"/>
      </lines>
    </method><method name="com.knol.core.impl/SessionRepoImpl/update" signature="()V" line-rate="0.86" branch-rate="1.00">
      <lines>
        <line number="66" hits="1" branch="false"/><line number="58" hits="1" branch="false"/><line number="63" hits="1" branch="false"/><line number="68" hits="1" branch="false"/><line number="72" hits="0" branch="false"/><line number="54" hits="1" branch="false"/><line number="64" hits="1" branch="false"/><line number="57" hits="1" branch="false"/><line number="66" hits="1" branch="false"/><line number="76" hits="0" branch="false"/><line number="56" hits="1" branch="false"/><line number="65" hits="1" branch="false"/><line number="62" hits="1" branch="false"/><line number="67" hits="1" branch="false"/><line number="64" hits="1" branch="false"/><line number="61" hits="1" branch="false"/><line number="68" hits="1" branch="false"/><line number="63" hits="1" branch="false"/><line number="65" hits="1" branch="false"/><line number="73" hits="0" branch="false"/><line number="55" hits="1" branch="false"/>
      </lines>
    </method><method name="com.knol.core.impl/SessionRepoImpl/&lt;none&gt;" signature="()V" line-rate="1.00" branch-rate="1.00">
      <lines>
        <line number="12" hits="1" branch="false"/><line number="14" hits="1" branch="false"/><line number="11" hits="1" branch="false"/><line number="13" hits="1" branch="false"/>
      </lines>
    </method>
      </methods>
      <lines>
        <line number="66" hits="1" branch="false"/><line number="90" hits="1" branch="false"/><line number="38" hits="1" branch="false"/><line number="58" hits="1" branch="false"/><line number="21" hits="1" branch="false"/><line number="121" hits="1" branch="false"/><line number="30" hits="1" branch="false"/><line number="115" hits="1" branch="false"/><line number="108" hits="1" branch="false"/><line number="33" hits="1" branch="false"/><line number="27" hits="1" branch="false"/><line number="139" hits="1" branch="false"/><line number="115" hits="1" branch="false"/><line number="86" hits="1" branch="false"/><line number="120" hits="1" branch="false"/><line number="100" hits="0" branch="false"/><line number="139" hits="1" branch="false"/><line number="23" hits="1" branch="false"/><line number="32" hits="1" branch="false"/><line number="139" hits="1" branch="false"/><line number="131" hits="1" branch="false"/><line number="63" hits="1" branch="false"/><line number="115" hits="1" branch="false"/><line number="138" hits="1" branch="false"/><line number="68" hits="1" branch="false"/><line number="41" hits="1" branch="false"/><line number="91" hits="1" branch="false"/><line number="112" hits="1" branch="false"/><line number="135" hits="1" branch="false"/><line number="72" hits="0" branch="false"/><line number="116" hits="1" branch="false"/><line number="137" hits="1" branch="false"/><line number="89" hits="1" branch="false"/><line number="54" hits="1" branch="false"/><line number="64" hits="1" branch="false"/><line number="12" hits="1" branch="false"/><line number="28" hits="1" branch="false"/><line number="35" hits="1" branch="false"/><line number="139" hits="1" branch="false"/><line number="115" hits="1" branch="false"/><line number="20" hits="1" branch="false"/><line number="37" hits="1" branch="false"/><line number="57" hits="1" branch="false"/><line number="66" hits="1" branch="false"/><line number="30" hits="1" branch="false"/><line number="141" hits="1" branch="false"/><line number="115" hits="1" branch="false"/><line number="136" hits="1" branch="false"/><line number="139" hits="1" branch="false"/><line number="114" hits="1" branch="false"/><line number="29" hits="1" branch="false"/><line number="76" hits="0" branch="false"/><line number="14" hits="1" branch="false"/><line number="56" hits="1" branch="false"/><line number="65" hits="1" branch="false"/><line number="37" hits="1" branch="false"/><line number="139" hits="1" branch="false"/><line number="111" hits="1" branch="false"/><line number="139" hits="1" branch="false"/><line number="97" hits="0" branch="false"/><line number="115" hits="1" branch="false"/><line number="22" hits="1" branch="false"/><line number="123" hits="0" branch="false"/><line number="90" hits="1" branch="false"/><line number="139" hits="1" branch="false"/><line number="62" hits="1" branch="false"/><line number="67" hits="1" branch="false"/><line number="112" hits="1" branch="false"/><line number="115" hits="1" branch="false"/><line number="31" hits="1" branch="false"/><line number="26" hits="1" branch="false"/><line number="138" hits="1" branch="false"/><line number="28" hits="1" branch="false"/><line number="64" hits="1" branch="false"/><line number="61" hits="1" branch="false"/><line number="11" hits="1" branch="false"/><line number="34" hits="1" branch="false"/><line number="44" hits="0" branch="false"/><line number="92" hits="1" branch="false"/><line number="139" hits="1" branch="false"/><line number="138" hits="1" branch="false"/><line number="92" hits="1" branch="false"/><line number="132" hits="1" branch="false"/><line number="68" hits="1" branch="false"/><line number="115" hits="1" branch="false"/><line number="42" hits="1" branch="false"/><line number="63" hits="1" branch="false"/><line number="141" hits="1" branch="false"/><line number="113" hits="1" branch="false"/><line number="139" hits="1" branch="false"/><line number="13" hits="1" branch="false"/><line number="29" hits="1" branch="false"/><line number="138" hits="1" branch="false"/><line number="139" hits="1" branch="false"/><line number="65" hits="1" branch="false"/><line number="115" hits="1" branch="false"/><line number="116" hits="1" branch="false"/><line number="36" hits="1" branch="false"/><line number="73" hits="0" branch="false"/><line number="55" hits="1" branch="false"/><line number="96" hits="0" branch="false"/><line number="145" hits="0" branch="false"/>
      </lines>
    </class><class name="KnolRepoImpl" filename="src/main/scala/com/knol/core/impl/KnolRepoImpl.scala" line-rate="0.91" branch-rate="1.00" complexity="0">
      <methods>
        <method name="com.knol.core.impl/KnolRepoImpl/delete" signature="()V" line-rate="0.70" branch-rate="1.00">
      <lines>
        <line number="82" hits="1" branch="false"/><line number="96" hits="0" branch="false"/><line number="87" hits="1" branch="false"/><line number="85" hits="1" branch="false"/><line number="88" hits="1" branch="false"/><line number="93" hits="0" branch="false"/><line number="86" hits="1" branch="false"/><line number="88" hits="1" branch="false"/><line number="92" hits="0" branch="false"/><line number="86" hits="1" branch="false"/>
      </lines>
    </method><method name="com.knol.core.impl/KnolRepoImpl/createKnol" signature="()V" line-rate="0.96" branch-rate="1.00">
      <lines>
        <line number="35" hits="1" branch="false"/><line number="21" hits="1" branch="false"/><line number="30" hits="1" branch="false"/><line number="40" hits="1" branch="false"/><line number="26" hits="1" branch="false"/><line number="33" hits="1" branch="false"/><line number="18" hits="1" branch="false"/><line number="28" hits="1" branch="false"/><line number="27" hits="1" branch="false"/><line number="35" hits="1" branch="false"/><line number="29" hits="1" branch="false"/><line number="20" hits="1" branch="false"/><line number="24" hits="1" branch="false"/><line number="26" hits="1" branch="false"/><line number="32" hits="1" branch="false"/><line number="43" hits="0" branch="false"/><line number="41" hits="1" branch="false"/><line number="25" hits="1" branch="false"/><line number="31" hits="1" branch="false"/><line number="34" hits="1" branch="false"/><line number="27" hits="1" branch="false"/><line number="28" hits="1" branch="false"/><line number="37" hits="1" branch="false"/><line number="19" hits="1" branch="false"/>
      </lines>
    </method><method name="com.knol.core.impl/KnolRepoImpl/getList" signature="()V" line-rate="0.96" branch-rate="1.00">
      <lines>
        <line number="135" hits="1" branch="false"/><line number="131" hits="1" branch="false"/><line number="133" hits="1" branch="false"/><line number="135" hits="1" branch="false"/><line number="135" hits="1" branch="false"/><line number="127" hits="1" branch="false"/><line number="135" hits="1" branch="false"/><line number="134" hits="1" branch="false"/><line number="137" hits="1" branch="false"/><line number="132" hits="1" branch="false"/><line number="135" hits="1" branch="false"/><line number="135" hits="1" branch="false"/><line number="135" hits="1" branch="false"/><line number="134" hits="1" branch="false"/><line number="135" hits="1" branch="false"/><line number="135" hits="1" branch="false"/><line number="134" hits="1" branch="false"/><line number="135" hits="1" branch="false"/><line number="137" hits="1" branch="false"/><line number="128" hits="1" branch="false"/><line number="134" hits="1" branch="false"/><line number="135" hits="1" branch="false"/><line number="141" hits="0" branch="false"/>
      </lines>
    </method><method name="com.knol.core.impl/KnolRepoImpl/getKnol" signature="()V" line-rate="0.95" branch-rate="1.00">
      <lines>
        <line number="116" hits="1" branch="false"/><line number="111" hits="1" branch="false"/><line number="108" hits="1" branch="false"/><line number="111" hits="1" branch="false"/><line number="112" hits="1" branch="false"/><line number="111" hits="1" branch="false"/><line number="110" hits="1" branch="false"/><line number="111" hits="1" branch="false"/><line number="111" hits="1" branch="false"/><line number="107" hits="1" branch="false"/><line number="119" hits="0" branch="false"/><line number="111" hits="1" branch="false"/><line number="108" hits="1" branch="false"/><line number="104" hits="1" branch="false"/><line number="111" hits="1" branch="false"/><line number="117" hits="1" branch="false"/><line number="109" hits="1" branch="false"/><line number="111" hits="1" branch="false"/><line number="112" hits="1" branch="false"/><line number="111" hits="1" branch="false"/>
      </lines>
    </method><method name="com.knol.core.impl/KnolRepoImpl/update" signature="()V" line-rate="0.86" branch-rate="1.00">
      <lines>
        <line number="54" hits="1" branch="false"/><line number="63" hits="1" branch="false"/><line number="60" hits="1" branch="false"/><line number="65" hits="1" branch="false"/><line number="61" hits="1" branch="false"/><line number="51" hits="1" branch="false"/><line number="69" hits="0" branch="false"/><line number="58" hits="1" branch="false"/><line number="62" hits="1" branch="false"/><line number="73" hits="0" branch="false"/><line number="53" hits="1" branch="false"/><line number="64" hits="1" branch="false"/><line number="59" hits="1" branch="false"/><line number="61" hits="1" branch="false"/><line number="65" hits="1" branch="false"/><line number="60" hits="1" branch="false"/><line number="70" hits="0" branch="false"/><line number="52" hits="1" branch="false"/><line number="62" hits="1" branch="false"/><line number="63" hits="1" branch="false"/><line number="55" hits="1" branch="false"/>
      </lines>
    </method><method name="com.knol.core.impl/KnolRepoImpl/&lt;none&gt;" signature="()V" line-rate="1.00" branch-rate="1.00">
      <lines>
        <line number="11" hits="1" branch="false"/><line number="13" hits="1" branch="false"/><line number="10" hits="1" branch="false"/><line number="12" hits="1" branch="false"/>
      </lines>
    </method>
      </methods>
      <lines>
        <line number="135" hits="1" branch="false"/><line number="131" hits="1" branch="false"/><line number="133" hits="1" branch="false"/><line number="35" hits="1" branch="false"/><line number="135" hits="1" branch="false"/><line number="116" hits="1" branch="false"/><line number="135" hits="1" branch="false"/><line number="82" hits="1" branch="false"/><line number="96" hits="0" branch="false"/><line number="111" hits="1" branch="false"/><line number="54" hits="1" branch="false"/><line number="63" hits="1" branch="false"/><line number="87" hits="1" branch="false"/><line number="108" hits="1" branch="false"/><line number="60" hits="1" branch="false"/><line number="21" hits="1" branch="false"/><line number="65" hits="1" branch="false"/><line number="30" hits="1" branch="false"/><line number="40" hits="1" branch="false"/><line number="127" hits="1" branch="false"/><line number="135" hits="1" branch="false"/><line number="134" hits="1" branch="false"/><line number="111" hits="1" branch="false"/><line number="26" hits="1" branch="false"/><line number="112" hits="1" branch="false"/><line number="85" hits="1" branch="false"/><line number="61" hits="1" branch="false"/><line number="51" hits="1" branch="false"/><line number="69" hits="0" branch="false"/><line number="33" hits="1" branch="false"/><line number="11" hits="1" branch="false"/><line number="111" hits="1" branch="false"/><line number="18" hits="1" branch="false"/><line number="28" hits="1" branch="false"/><line number="58" hits="1" branch="false"/><line number="137" hits="1" branch="false"/><line number="132" hits="1" branch="false"/><line number="135" hits="1" branch="false"/><line number="110" hits="1" branch="false"/><line number="88" hits="1" branch="false"/><line number="111" hits="1" branch="false"/><line number="135" hits="1" branch="false"/><line number="135" hits="1" branch="false"/><line number="111" hits="1" branch="false"/><line number="93" hits="0" branch="false"/><line number="62" hits="1" branch="false"/><line number="73" hits="0" branch="false"/><line number="13" hits="1" branch="false"/><line number="27" hits="1" branch="false"/><line number="35" hits="1" branch="false"/><line number="53" hits="1" branch="false"/><line number="107" hits="1" branch="false"/><line number="29" hits="1" branch="false"/><line number="134" hits="1" branch="false"/><line number="20" hits="1" branch="false"/><line number="119" hits="0" branch="false"/><line number="135" hits="1" branch="false"/><line number="111" hits="1" branch="false"/><line number="86" hits="1" branch="false"/><line number="64" hits="1" branch="false"/><line number="24" hits="1" branch="false"/><line number="59" hits="1" branch="false"/><line number="108" hits="1" branch="false"/><line number="26" hits="1" branch="false"/><line number="61" hits="1" branch="false"/><line number="10" hits="1" branch="false"/><line number="32" hits="1" branch="false"/><line number="43" hits="0" branch="false"/><line number="104" hits="1" branch="false"/><line number="135" hits="1" branch="false"/><line number="134" hits="1" branch="false"/><line number="111" hits="1" branch="false"/><line number="117" hits="1" branch="false"/><line number="135" hits="1" branch="false"/><line number="137" hits="1" branch="false"/><line number="109" hits="1" branch="false"/><line number="65" hits="1" branch="false"/><line number="88" hits="1" branch="false"/><line number="111" hits="1" branch="false"/><line number="128" hits="1" branch="false"/><line number="41" hits="1" branch="false"/><line number="60" hits="1" branch="false"/><line number="25" hits="1" branch="false"/><line number="31" hits="1" branch="false"/><line number="70" hits="0" branch="false"/><line number="34" hits="1" branch="false"/><line number="92" hits="0" branch="false"/><line number="12" hits="1" branch="false"/><line number="27" hits="1" branch="false"/><line number="134" hits="1" branch="false"/><line number="135" hits="1" branch="false"/><line number="141" hits="0" branch="false"/><line number="112" hits="1" branch="false"/><line number="52" hits="1" branch="false"/><line number="62" hits="1" branch="false"/><line number="111" hits="1" branch="false"/><line number="28" hits="1" branch="false"/><line number="63" hits="1" branch="false"/><line number="86" hits="1" branch="false"/><line number="37" hits="1" branch="false"/><line number="55" hits="1" branch="false"/><line number="19" hits="1" branch="false"/>
      </lines>
    </class><class name="KnolSessionRepoImpl" filename="src/main/scala/com/knol/core/impl/KnolSessionRepoImpl.scala" line-rate="0.93" branch-rate="1.00" complexity="0">
      <methods>
        <method name="com.knol.core.impl/KnolSessionRepoImpl/getKnolxDetailByKnolId" signature="()V" line-rate="0.96" branch-rate="1.00">
      <lines>
        <line number="27" hits="1" branch="false"/><line number="30" hits="1" branch="false"/><line number="18" hits="1" branch="false"/><line number="29" hits="1" branch="false"/><line number="30" hits="1" branch="false"/><line number="25" hits="1" branch="false"/><line number="30" hits="1" branch="false"/><line number="21" hits="1" branch="false"/><line number="32" hits="1" branch="false"/><line number="20" hits="1" branch="false"/><line number="30" hits="1" branch="false"/><line number="30" hits="1" branch="false"/><line number="26" hits="1" branch="false"/><line number="29" hits="1" branch="false"/><line number="17" hits="1" branch="false"/><line number="29" hits="1" branch="false"/><line number="29" hits="1" branch="false"/><line number="19" hits="1" branch="false"/><line number="30" hits="1" branch="false"/><line number="32" hits="1" branch="false"/><line number="36" hits="0" branch="false"/><line number="22" hits="1" branch="false"/><line number="30" hits="1" branch="false"/><line number="28" hits="1" branch="false"/>
      </lines>
    </method><method name="com.knol.core.impl/KnolSessionRepoImpl/getAllKnolSessionDetail" signature="()V" line-rate="0.97" branch-rate="1.00">
      <lines>
        <line number="95" hits="1" branch="false"/><line number="84" hits="1" branch="false"/><line number="93" hits="1" branch="false"/><line number="99" hits="0" branch="false"/><line number="90" hits="1" branch="false"/><line number="92" hits="1" branch="false"/><line number="78" hits="1" branch="false"/><line number="87" hits="1" branch="false"/><line number="93" hits="1" branch="false"/><line number="80" hits="1" branch="false"/><line number="92" hits="1" branch="false"/><line number="92" hits="1" branch="false"/><line number="92" hits="1" branch="false"/><line number="91" hits="1" branch="false"/><line number="83" hits="1" branch="false"/><line number="77" hits="1" branch="false"/><line number="89" hits="1" branch="false"/><line number="76" hits="1" branch="false"/><line number="95" hits="1" branch="false"/><line number="88" hits="1" branch="false"/><line number="93" hits="1" branch="false"/><line number="92" hits="1" branch="false"/><line number="79" hits="1" branch="false"/><line number="91" hits="1" branch="false"/><line number="91" hits="1" branch="false"/><line number="82" hits="1" branch="false"/><line number="92" hits="1" branch="false"/><line number="81" hits="1" branch="false"/><line number="91" hits="1" branch="false"/><line number="92" hits="1" branch="false"/>
      </lines>
    </method><method name="com.knol.core.impl/KnolSessionRepoImpl/getKnolDetailByKnolxId" signature="()V" line-rate="0.85" branch-rate="1.00">
      <lines>
        <line number="59" hits="1" branch="false"/><line number="67" hits="0" branch="false"/><line number="48" hits="1" branch="false"/><line number="51" hits="1" branch="false"/><line number="59" hits="1" branch="false"/><line number="57" hits="1" branch="false"/><line number="60" hits="1" branch="false"/><line number="56" hits="1" branch="false"/><line number="47" hits="1" branch="false"/><line number="59" hits="1" branch="false"/><line number="65" hits="0" branch="false"/><line number="59" hits="1" branch="false"/><line number="50" hits="1" branch="false"/><line number="49" hits="1" branch="false"/><line number="59" hits="1" branch="false"/><line number="55" hits="1" branch="false"/><line number="60" hits="1" branch="false"/><line number="64" hits="0" branch="false"/><line number="58" hits="1" branch="false"/><line number="54" hits="1" branch="false"/>
      </lines>
    </method>
      </methods>
      <lines>
        <line number="59" hits="1" branch="false"/><line number="67" hits="0" branch="false"/><line number="95" hits="1" branch="false"/><line number="84" hits="1" branch="false"/><line number="93" hits="1" branch="false"/><line number="27" hits="1" branch="false"/><line number="30" hits="1" branch="false"/><line number="48" hits="1" branch="false"/><line number="18" hits="1" branch="false"/><line number="51" hits="1" branch="false"/><line number="29" hits="1" branch="false"/><line number="99" hits="0" branch="false"/><line number="90" hits="1" branch="false"/><line number="92" hits="1" branch="false"/><line number="30" hits="1" branch="false"/><line number="59" hits="1" branch="false"/><line number="78" hits="1" branch="false"/><line number="57" hits="1" branch="false"/><line number="25" hits="1" branch="false"/><line number="30" hits="1" branch="false"/><line number="21" hits="1" branch="false"/><line number="87" hits="1" branch="false"/><line number="93" hits="1" branch="false"/><line number="60" hits="1" branch="false"/><line number="80" hits="1" branch="false"/><line number="32" hits="1" branch="false"/><line number="20" hits="1" branch="false"/><line number="56" hits="1" branch="false"/><line number="92" hits="1" branch="false"/><line number="92" hits="1" branch="false"/><line number="30" hits="1" branch="false"/><line number="92" hits="1" branch="false"/><line number="91" hits="1" branch="false"/><line number="30" hits="1" branch="false"/><line number="47" hits="1" branch="false"/><line number="59" hits="1" branch="false"/><line number="26" hits="1" branch="false"/><line number="65" hits="0" branch="false"/><line number="83" hits="1" branch="false"/><line number="59" hits="1" branch="false"/><line number="50" hits="1" branch="false"/><line number="29" hits="1" branch="false"/><line number="77" hits="1" branch="false"/><line number="89" hits="1" branch="false"/><line number="17" hits="1" branch="false"/><line number="29" hits="1" branch="false"/><line number="76" hits="1" branch="false"/><line number="95" hits="1" branch="false"/><line number="88" hits="1" branch="false"/><line number="49" hits="1" branch="false"/><line number="59" hits="1" branch="false"/><line number="29" hits="1" branch="false"/><line number="93" hits="1" branch="false"/><line number="92" hits="1" branch="false"/><line number="79" hits="1" branch="false"/><line number="91" hits="1" branch="false"/><line number="55" hits="1" branch="false"/><line number="60" hits="1" branch="false"/><line number="19" hits="1" branch="false"/><line number="30" hits="1" branch="false"/><line number="32" hits="1" branch="false"/><line number="91" hits="1" branch="false"/><line number="64" hits="0" branch="false"/><line number="82" hits="1" branch="false"/><line number="36" hits="0" branch="false"/><line number="92" hits="1" branch="false"/><line number="58" hits="1" branch="false"/><line number="22" hits="1" branch="false"/><line number="30" hits="1" branch="false"/><line number="28" hits="1" branch="false"/><line number="81" hits="1" branch="false"/><line number="91" hits="1" branch="false"/><line number="54" hits="1" branch="false"/><line number="92" hits="1" branch="false"/>
      </lines>
    </class>
      </classes>
    </package><package name="com.knol.db.connection" line-rate="0.84" branch-rate="1.00" complexity="0">
      <classes>
        <class name="DBConnection" filename="src/main/scala/com/knol/db/connection/DBConnection.scala" line-rate="0.84" branch-rate="1.00" complexity="0">
      <methods>
        <method name="com.knol.db.connection/DBConnection/&lt;none&gt;" signature="()V" line-rate="1.00" branch-rate="1.00">
      <lines>
        <line number="10" hits="1" branch="false"/><line number="13" hits="1" branch="false"/><line number="14" hits="1" branch="false"/><line number="9" hits="1" branch="false"/><line number="12" hits="1" branch="false"/><line number="11" hits="1" branch="false"/><line number="14" hits="1" branch="false"/>
      </lines>
    </method><method name="com.knol.db.connection/DBConnection/getConnection" signature="()V" line-rate="0.75" branch-rate="1.00">
      <lines>
        <line number="21" hits="1" branch="false"/><line number="27" hits="0" branch="false"/><line number="22" hits="1" branch="false"/><line number="23" hits="1" branch="false"/><line number="20" hits="1" branch="false"/><line number="22" hits="1" branch="false"/><line number="29" hits="0" branch="false"/><line number="22" hits="1" branch="false"/><line number="22" hits="1" branch="false"/><line number="24" hits="1" branch="false"/><line number="21" hits="1" branch="false"/><line number="28" hits="0" branch="false"/>
      </lines>
    </method>
      </methods>
      <lines>
        <line number="21" hits="1" branch="false"/><line number="27" hits="0" branch="false"/><line number="22" hits="1" branch="false"/><line number="10" hits="1" branch="false"/><line number="13" hits="1" branch="false"/><line number="23" hits="1" branch="false"/><line number="20" hits="1" branch="false"/><line number="14" hits="1" branch="false"/><line number="22" hits="1" branch="false"/><line number="29" hits="0" branch="false"/><line number="9" hits="1" branch="false"/><line number="12" hits="1" branch="false"/><line number="22" hits="1" branch="false"/><line number="11" hits="1" branch="false"/><line number="22" hits="1" branch="false"/><line number="14" hits="1" branch="false"/><line number="24" hits="1" branch="false"/><line number="21" hits="1" branch="false"/><line number="28" hits="0" branch="false"/>
      </lines>
    </class>
      </classes>
    </package>
      </packages>
    </coverage>